<?xml version="1.0" encoding="UTF-8"?>
<!-- Generated by org.testng.reporters.JUnitReportReporter -->
<testsuite hostname="pelatro-Latitude-3440" failures="0" tests="8" name="StreamsExample" time="0.023" errors="0" timestamp="2024-12-21T16:05:18 IST" skipped="0">
  <testcase classname="StreamsExample" name="test3" time="0.001"/>
  <testcase classname="StreamsExample" name="test2" time="0.001"/>
  <testcase classname="StreamsExample" name="test1" time="0.001"/>
  <testcase classname="StreamsExample" name="Test7" time="0.008"/>
  <testcase classname="StreamsExample" name="test4" time="0.002"/>
  <testcase classname="StreamsExample" name="Test5" time="0.007"/>
  <testcase classname="StreamsExample" name="Test8" time="0.002"/>
  <testcase classname="StreamsExample" name="Test6" time="0.001"/>
</testsuite> <!-- StreamsExample -->
