<?xml version="1.0" encoding="UTF-8"?>
<!-- Generated by org.testng.reporters.JUnitReportReporter -->
<testsuite hostname="pelatro-Latitude-3440" failures="0" tests="1" name="ExampleTest" time="0.006" errors="0" timestamp="2024-12-21T15:26:03 IST" skipped="0">
  <testcase classname="ExampleTest" name="testExample" time="0.006"/>
</testsuite> <!-- ExampleTest -->
