<?xml version="1.0" encoding="UTF-8"?>
<!-- Generated by org.testng.reporters.JUnitReportReporter -->
<testsuite hostname="pelatro-Latitude-3440" failures="0" tests="2" name="CoreJava.ChildClass" time="0.005" errors="0" timestamp="2024-12-27T00:44:17 IST" skipped="0">
  <testcase classname="CoreJava.ChildClass" name="pc" time="0.001"/>
  <testcase classname="CoreJava.ChildClass" name="cc" time="0.004"/>
</testsuite> <!-- CoreJava.ChildClass -->
