<?xml version="1.0" encoding="UTF-8"?>
<!-- Generated by org.testng.reporters.JUnitReportReporter -->
<testsuite hostname="pelatro-Latitude-3440" failures="0" tests="1" name="Test.DemoTest3" time="0.001" errors="0" timestamp="2024-12-26T23:34:09 IST" skipped="0">
  <testcase classname="Test.DemoTest3" name="Test2" time="0.001"/>
</testsuite> <!-- Test.DemoTest3 -->
