<?xml version="1.0" encoding="UTF-8"?>
<!-- Generated by org.testng.reporters.JUnitReportReporter -->
<testsuite hostname="pelatro-Latitude-3440" failures="0" tests="2" name="Aishwarya.Tests.StandaloneTest2" time="33.536" errors="0" timestamp="2025-01-06T22:08:55 IST" skipped="0">
  <testcase classname="Aishwarya.Tests.StandaloneTest2" name="submitOrder" time="17.994"/>
  <testcase classname="Aishwarya.Tests.StandaloneTest2" name="submitOrder" time="15.542"/>
</testsuite> <!-- Aishwarya.Tests.StandaloneTest2 -->
