<?xml version="1.0" encoding="UTF-8"?>
<!-- Generated by org.testng.reporters.JUnitReportReporter -->
<testsuite hostname="pelatro-Latitude-3440" failures="0" tests="1" name="cucumber.cucumberTestngRunner" time="21.414" errors="0" timestamp="2025-01-09T23:41:05 IST" skipped="0">
  <testcase classname="cucumber.cucumberTestngRunner" name="runScenario" time="21.414"/>
</testsuite> <!-- cucumber.cucumberTestngRunner -->
