<?xml version="1.0" encoding="UTF-8"?>
<testsuite xmlns:xsi="http://www.w3.org/2001/XMLSchema-instance" xsi:noNamespaceSchemaLocation="https://maven.apache.org/surefire/maven-surefire-plugin/xsd/surefire-test-report.xsd" version="3.0.2" name="cucumber.cucumberTestngRunner" time="39.893" tests="1" errors="0" skipped="0" failures="0">
  <properties>
    <property name="java.specification.version" value="21"/>
    <property name="sun.jnu.encoding" value="UTF-8"/>
    <property name="java.class.path" value="/home/pelatro/aish/selenium/SeleniumIntroduction/target/test-classes:/home/pelatro/aish/selenium/SeleniumIntroduction/target/classes:/home/pelatro/.m2/repository/org/seleniumhq/selenium/selenium-java/4.26.0/selenium-java-4.26.0.jar:/home/pelatro/.m2/repository/org/seleniumhq/selenium/selenium-api/4.26.0/selenium-api-4.26.0.jar:/home/pelatro/.m2/repository/org/jspecify/jspecify/1.0.0/jspecify-1.0.0.jar:/home/pelatro/.m2/repository/org/seleniumhq/selenium/selenium-chrome-driver/4.26.0/selenium-chrome-driver-4.26.0.jar:/home/pelatro/.m2/repository/com/google/auto/service/auto-service-annotations/1.1.1/auto-service-annotations-1.1.1.jar:/home/pelatro/.m2/repository/org/seleniumhq/selenium/selenium-chromium-driver/4.26.0/selenium-chromium-driver-4.26.0.jar:/home/pelatro/.m2/repository/org/seleniumhq/selenium/selenium-json/4.26.0/selenium-json-4.26.0.jar:/home/pelatro/.m2/repository/org/seleniumhq/selenium/selenium-manager/4.26.0/selenium-manager-4.26.0.jar:/home/pelatro/.m2/repository/org/seleniumhq/selenium/selenium-devtools-v128/4.26.0/selenium-devtools-v128-4.26.0.jar:/home/pelatro/.m2/repository/org/seleniumhq/selenium/selenium-devtools-v129/4.26.0/selenium-devtools-v129-4.26.0.jar:/home/pelatro/.m2/repository/org/seleniumhq/selenium/selenium-devtools-v130/4.26.0/selenium-devtools-v130-4.26.0.jar:/home/pelatro/.m2/repository/org/seleniumhq/selenium/selenium-devtools-v85/4.26.0/selenium-devtools-v85-4.26.0.jar:/home/pelatro/.m2/repository/org/seleniumhq/selenium/selenium-edge-driver/4.26.0/selenium-edge-driver-4.26.0.jar:/home/pelatro/.m2/repository/org/seleniumhq/selenium/selenium-firefox-driver/4.26.0/selenium-firefox-driver-4.26.0.jar:/home/pelatro/.m2/repository/org/seleniumhq/selenium/selenium-http/4.26.0/selenium-http-4.26.0.jar:/home/pelatro/.m2/repository/dev/failsafe/failsafe/3.3.2/failsafe-3.3.2.jar:/home/pelatro/.m2/repository/org/seleniumhq/selenium/selenium-ie-driver/4.26.0/selenium-ie-driver-4.26.0.jar:/home/pelatro/.m2/repository/org/seleniumhq/selenium/selenium-remote-driver/4.26.0/selenium-remote-driver-4.26.0.jar:/home/pelatro/.m2/repository/com/google/guava/guava/33.3.1-jre/guava-33.3.1-jre.jar:/home/pelatro/.m2/repository/com/google/guava/failureaccess/1.0.2/failureaccess-1.0.2.jar:/home/pelatro/.m2/repository/com/google/guava/listenablefuture/9999.0-empty-to-avoid-conflict-with-guava/listenablefuture-9999.0-empty-to-avoid-conflict-with-guava.jar:/home/pelatro/.m2/repository/com/google/code/findbugs/jsr305/3.0.2/jsr305-3.0.2.jar:/home/pelatro/.m2/repository/org/checkerframework/checker-qual/3.43.0/checker-qual-3.43.0.jar:/home/pelatro/.m2/repository/com/google/errorprone/error_prone_annotations/2.28.0/error_prone_annotations-2.28.0.jar:/home/pelatro/.m2/repository/com/google/j2objc/j2objc-annotations/3.0.0/j2objc-annotations-3.0.0.jar:/home/pelatro/.m2/repository/io/opentelemetry/semconv/opentelemetry-semconv/1.25.0-alpha/opentelemetry-semconv-1.25.0-alpha.jar:/home/pelatro/.m2/repository/io/opentelemetry/opentelemetry-api/1.43.0/opentelemetry-api-1.43.0.jar:/home/pelatro/.m2/repository/io/opentelemetry/opentelemetry-context/1.43.0/opentelemetry-context-1.43.0.jar:/home/pelatro/.m2/repository/io/opentelemetry/opentelemetry-exporter-logging/1.43.0/opentelemetry-exporter-logging-1.43.0.jar:/home/pelatro/.m2/repository/io/opentelemetry/opentelemetry-sdk-common/1.43.0/opentelemetry-sdk-common-1.43.0.jar:/home/pelatro/.m2/repository/io/opentelemetry/opentelemetry-sdk-extension-autoconfigure-spi/1.43.0/opentelemetry-sdk-extension-autoconfigure-spi-1.43.0.jar:/home/pelatro/.m2/repository/io/opentelemetry/opentelemetry-sdk-extension-autoconfigure/1.43.0/opentelemetry-sdk-extension-autoconfigure-1.43.0.jar:/home/pelatro/.m2/repository/io/opentelemetry/opentelemetry-api-incubator/1.43.0-alpha/opentelemetry-api-incubator-1.43.0-alpha.jar:/home/pelatro/.m2/repository/io/opentelemetry/opentelemetry-sdk-trace/1.43.0/opentelemetry-sdk-trace-1.43.0.jar:/home/pelatro/.m2/repository/io/opentelemetry/opentelemetry-sdk/1.43.0/opentelemetry-sdk-1.43.0.jar:/home/pelatro/.m2/repository/io/opentelemetry/opentelemetry-sdk-metrics/1.43.0/opentelemetry-sdk-metrics-1.43.0.jar:/home/pelatro/.m2/repository/io/opentelemetry/opentelemetry-sdk-logs/1.43.0/opentelemetry-sdk-logs-1.43.0.jar:/home/pelatro/.m2/repository/net/bytebuddy/byte-buddy/1.15.7/byte-buddy-1.15.7.jar:/home/pelatro/.m2/repository/org/seleniumhq/selenium/selenium-os/4.26.0/selenium-os-4.26.0.jar:/home/pelatro/.m2/repository/org/apache/commons/commons-exec/1.4.0/commons-exec-1.4.0.jar:/home/pelatro/.m2/repository/org/seleniumhq/selenium/selenium-safari-driver/4.26.0/selenium-safari-driver-4.26.0.jar:/home/pelatro/.m2/repository/org/seleniumhq/selenium/selenium-support/4.26.0/selenium-support-4.26.0.jar:/home/pelatro/.m2/repository/org/testng/testng/7.10.2/testng-7.10.2.jar:/home/pelatro/.m2/repository/org/slf4j/slf4j-api/1.7.36/slf4j-api-1.7.36.jar:/home/pelatro/.m2/repository/com/beust/jcommander/1.82/jcommander-1.82.jar:/home/pelatro/.m2/repository/org/webjars/jquery/3.7.1/jquery-3.7.1.jar:/home/pelatro/.m2/repository/com/fasterxml/jackson/core/jackson-databind/2.18.2/jackson-databind-2.18.2.jar:/home/pelatro/.m2/repository/com/fasterxml/jackson/core/jackson-annotations/2.18.2/jackson-annotations-2.18.2.jar:/home/pelatro/.m2/repository/com/fasterxml/jackson/core/jackson-core/2.18.2/jackson-core-2.18.2.jar:/home/pelatro/.m2/repository/com/aventstack/extentreports/5.1.2/extentreports-5.1.2.jar:/home/pelatro/.m2/repository/io/reactivex/rxjava3/rxjava/3.1.6/rxjava-3.1.6.jar:/home/pelatro/.m2/repository/org/reactivestreams/reactive-streams/1.0.4/reactive-streams-1.0.4.jar:/home/pelatro/.m2/repository/org/freemarker/freemarker/2.3.32/freemarker-2.3.32.jar:/home/pelatro/.m2/repository/org/projectlombok/lombok/1.18.26/lombok-1.18.26.jar:/home/pelatro/.m2/repository/com/google/code/gson/gson/2.10.1/gson-2.10.1.jar:/home/pelatro/.m2/repository/commons-io/commons-io/2.18.0/commons-io-2.18.0.jar:/home/pelatro/.m2/repository/io/cucumber/cucumber-java/7.20.1/cucumber-java-7.20.1.jar:/home/pelatro/.m2/repository/io/cucumber/cucumber-core/7.20.1/cucumber-core-7.20.1.jar:/home/pelatro/.m2/repository/io/cucumber/cucumber-gherkin/7.20.1/cucumber-gherkin-7.20.1.jar:/home/pelatro/.m2/repository/io/cucumber/cucumber-gherkin-messages/7.20.1/cucumber-gherkin-messages-7.20.1.jar:/home/pelatro/.m2/repository/io/cucumber/gherkin/28.0.0/gherkin-28.0.0.jar:/home/pelatro/.m2/repository/io/cucumber/messages/24.1.0/messages-24.1.0.jar:/home/pelatro/.m2/repository/io/cucumber/testng-xml-formatter/0.2.0/testng-xml-formatter-0.2.0.jar:/home/pelatro/.m2/repository/io/cucumber/query/12.2.0/query-12.2.0.jar:/home/pelatro/.m2/repository/io/cucumber/tag-expressions/6.1.0/tag-expressions-6.1.0.jar:/home/pelatro/.m2/repository/io/cucumber/cucumber-expressions/17.1.0/cucumber-expressions-17.1.0.jar:/home/pelatro/.m2/repository/io/cucumber/datatable/7.20.1/datatable-7.20.1.jar:/home/pelatro/.m2/repository/io/cucumber/cucumber-plugin/7.20.1/cucumber-plugin-7.20.1.jar:/home/pelatro/.m2/repository/io/cucumber/docstring/7.20.1/docstring-7.20.1.jar:/home/pelatro/.m2/repository/io/cucumber/html-formatter/21.7.0/html-formatter-21.7.0.jar:/home/pelatro/.m2/repository/io/cucumber/junit-xml-formatter/0.5.0/junit-xml-formatter-0.5.0.jar:/home/pelatro/.m2/repository/io/cucumber/ci-environment/10.0.1/ci-environment-10.0.1.jar:/home/pelatro/.m2/repository/org/apiguardian/apiguardian-api/1.1.2/apiguardian-api-1.1.2.jar:/home/pelatro/.m2/repository/io/cucumber/cucumber-testng/7.20.1/cucumber-testng-7.20.1.jar:"/>
    <property name="java.vm.vendor" value="Oracle Corporation"/>
    <property name="sun.arch.data.model" value="64"/>
    <property name="java.vendor.url" value="https://java.oracle.com/"/>
    <property name="user.timezone" value="Asia/Kolkata"/>
    <property name="os.name" value="Linux"/>
    <property name="java.vm.specification.version" value="21"/>
    <property name="sun.java.launcher" value="SUN_STANDARD"/>
    <property name="user.country" value="IN"/>
    <property name="sun.boot.library.path" value="/home/pelatro/Downloads/jdk-21.0.5/lib"/>
    <property name="sun.java.command" value="/home/pelatro/aish/selenium/SeleniumIntroduction/target/surefire/surefirebooter-20250109234544918_3.jar /home/pelatro/aish/selenium/SeleniumIntroduction/target/surefire 2025-01-09T23-45-44_871-jvmRun1 surefire-20250109234544918_1tmp surefire_0-20250109234544918_2tmp"/>
    <property name="jdk.debug" value="release"/>
    <property name="surefire.test.class.path" value="/home/pelatro/aish/selenium/SeleniumIntroduction/target/test-classes:/home/pelatro/aish/selenium/SeleniumIntroduction/target/classes:/home/pelatro/.m2/repository/org/seleniumhq/selenium/selenium-java/4.26.0/selenium-java-4.26.0.jar:/home/pelatro/.m2/repository/org/seleniumhq/selenium/selenium-api/4.26.0/selenium-api-4.26.0.jar:/home/pelatro/.m2/repository/org/jspecify/jspecify/1.0.0/jspecify-1.0.0.jar:/home/pelatro/.m2/repository/org/seleniumhq/selenium/selenium-chrome-driver/4.26.0/selenium-chrome-driver-4.26.0.jar:/home/pelatro/.m2/repository/com/google/auto/service/auto-service-annotations/1.1.1/auto-service-annotations-1.1.1.jar:/home/pelatro/.m2/repository/org/seleniumhq/selenium/selenium-chromium-driver/4.26.0/selenium-chromium-driver-4.26.0.jar:/home/pelatro/.m2/repository/org/seleniumhq/selenium/selenium-json/4.26.0/selenium-json-4.26.0.jar:/home/pelatro/.m2/repository/org/seleniumhq/selenium/selenium-manager/4.26.0/selenium-manager-4.26.0.jar:/home/pelatro/.m2/repository/org/seleniumhq/selenium/selenium-devtools-v128/4.26.0/selenium-devtools-v128-4.26.0.jar:/home/pelatro/.m2/repository/org/seleniumhq/selenium/selenium-devtools-v129/4.26.0/selenium-devtools-v129-4.26.0.jar:/home/pelatro/.m2/repository/org/seleniumhq/selenium/selenium-devtools-v130/4.26.0/selenium-devtools-v130-4.26.0.jar:/home/pelatro/.m2/repository/org/seleniumhq/selenium/selenium-devtools-v85/4.26.0/selenium-devtools-v85-4.26.0.jar:/home/pelatro/.m2/repository/org/seleniumhq/selenium/selenium-edge-driver/4.26.0/selenium-edge-driver-4.26.0.jar:/home/pelatro/.m2/repository/org/seleniumhq/selenium/selenium-firefox-driver/4.26.0/selenium-firefox-driver-4.26.0.jar:/home/pelatro/.m2/repository/org/seleniumhq/selenium/selenium-http/4.26.0/selenium-http-4.26.0.jar:/home/pelatro/.m2/repository/dev/failsafe/failsafe/3.3.2/failsafe-3.3.2.jar:/home/pelatro/.m2/repository/org/seleniumhq/selenium/selenium-ie-driver/4.26.0/selenium-ie-driver-4.26.0.jar:/home/pelatro/.m2/repository/org/seleniumhq/selenium/selenium-remote-driver/4.26.0/selenium-remote-driver-4.26.0.jar:/home/pelatro/.m2/repository/com/google/guava/guava/33.3.1-jre/guava-33.3.1-jre.jar:/home/pelatro/.m2/repository/com/google/guava/failureaccess/1.0.2/failureaccess-1.0.2.jar:/home/pelatro/.m2/repository/com/google/guava/listenablefuture/9999.0-empty-to-avoid-conflict-with-guava/listenablefuture-9999.0-empty-to-avoid-conflict-with-guava.jar:/home/pelatro/.m2/repository/com/google/code/findbugs/jsr305/3.0.2/jsr305-3.0.2.jar:/home/pelatro/.m2/repository/org/checkerframework/checker-qual/3.43.0/checker-qual-3.43.0.jar:/home/pelatro/.m2/repository/com/google/errorprone/error_prone_annotations/2.28.0/error_prone_annotations-2.28.0.jar:/home/pelatro/.m2/repository/com/google/j2objc/j2objc-annotations/3.0.0/j2objc-annotations-3.0.0.jar:/home/pelatro/.m2/repository/io/opentelemetry/semconv/opentelemetry-semconv/1.25.0-alpha/opentelemetry-semconv-1.25.0-alpha.jar:/home/pelatro/.m2/repository/io/opentelemetry/opentelemetry-api/1.43.0/opentelemetry-api-1.43.0.jar:/home/pelatro/.m2/repository/io/opentelemetry/opentelemetry-context/1.43.0/opentelemetry-context-1.43.0.jar:/home/pelatro/.m2/repository/io/opentelemetry/opentelemetry-exporter-logging/1.43.0/opentelemetry-exporter-logging-1.43.0.jar:/home/pelatro/.m2/repository/io/opentelemetry/opentelemetry-sdk-common/1.43.0/opentelemetry-sdk-common-1.43.0.jar:/home/pelatro/.m2/repository/io/opentelemetry/opentelemetry-sdk-extension-autoconfigure-spi/1.43.0/opentelemetry-sdk-extension-autoconfigure-spi-1.43.0.jar:/home/pelatro/.m2/repository/io/opentelemetry/opentelemetry-sdk-extension-autoconfigure/1.43.0/opentelemetry-sdk-extension-autoconfigure-1.43.0.jar:/home/pelatro/.m2/repository/io/opentelemetry/opentelemetry-api-incubator/1.43.0-alpha/opentelemetry-api-incubator-1.43.0-alpha.jar:/home/pelatro/.m2/repository/io/opentelemetry/opentelemetry-sdk-trace/1.43.0/opentelemetry-sdk-trace-1.43.0.jar:/home/pelatro/.m2/repository/io/opentelemetry/opentelemetry-sdk/1.43.0/opentelemetry-sdk-1.43.0.jar:/home/pelatro/.m2/repository/io/opentelemetry/opentelemetry-sdk-metrics/1.43.0/opentelemetry-sdk-metrics-1.43.0.jar:/home/pelatro/.m2/repository/io/opentelemetry/opentelemetry-sdk-logs/1.43.0/opentelemetry-sdk-logs-1.43.0.jar:/home/pelatro/.m2/repository/net/bytebuddy/byte-buddy/1.15.7/byte-buddy-1.15.7.jar:/home/pelatro/.m2/repository/org/seleniumhq/selenium/selenium-os/4.26.0/selenium-os-4.26.0.jar:/home/pelatro/.m2/repository/org/apache/commons/commons-exec/1.4.0/commons-exec-1.4.0.jar:/home/pelatro/.m2/repository/org/seleniumhq/selenium/selenium-safari-driver/4.26.0/selenium-safari-driver-4.26.0.jar:/home/pelatro/.m2/repository/org/seleniumhq/selenium/selenium-support/4.26.0/selenium-support-4.26.0.jar:/home/pelatro/.m2/repository/org/testng/testng/7.10.2/testng-7.10.2.jar:/home/pelatro/.m2/repository/org/slf4j/slf4j-api/1.7.36/slf4j-api-1.7.36.jar:/home/pelatro/.m2/repository/com/beust/jcommander/1.82/jcommander-1.82.jar:/home/pelatro/.m2/repository/org/webjars/jquery/3.7.1/jquery-3.7.1.jar:/home/pelatro/.m2/repository/com/fasterxml/jackson/core/jackson-databind/2.18.2/jackson-databind-2.18.2.jar:/home/pelatro/.m2/repository/com/fasterxml/jackson/core/jackson-annotations/2.18.2/jackson-annotations-2.18.2.jar:/home/pelatro/.m2/repository/com/fasterxml/jackson/core/jackson-core/2.18.2/jackson-core-2.18.2.jar:/home/pelatro/.m2/repository/com/aventstack/extentreports/5.1.2/extentreports-5.1.2.jar:/home/pelatro/.m2/repository/io/reactivex/rxjava3/rxjava/3.1.6/rxjava-3.1.6.jar:/home/pelatro/.m2/repository/org/reactivestreams/reactive-streams/1.0.4/reactive-streams-1.0.4.jar:/home/pelatro/.m2/repository/org/freemarker/freemarker/2.3.32/freemarker-2.3.32.jar:/home/pelatro/.m2/repository/org/projectlombok/lombok/1.18.26/lombok-1.18.26.jar:/home/pelatro/.m2/repository/com/google/code/gson/gson/2.10.1/gson-2.10.1.jar:/home/pelatro/.m2/repository/commons-io/commons-io/2.18.0/commons-io-2.18.0.jar:/home/pelatro/.m2/repository/io/cucumber/cucumber-java/7.20.1/cucumber-java-7.20.1.jar:/home/pelatro/.m2/repository/io/cucumber/cucumber-core/7.20.1/cucumber-core-7.20.1.jar:/home/pelatro/.m2/repository/io/cucumber/cucumber-gherkin/7.20.1/cucumber-gherkin-7.20.1.jar:/home/pelatro/.m2/repository/io/cucumber/cucumber-gherkin-messages/7.20.1/cucumber-gherkin-messages-7.20.1.jar:/home/pelatro/.m2/repository/io/cucumber/gherkin/28.0.0/gherkin-28.0.0.jar:/home/pelatro/.m2/repository/io/cucumber/messages/24.1.0/messages-24.1.0.jar:/home/pelatro/.m2/repository/io/cucumber/testng-xml-formatter/0.2.0/testng-xml-formatter-0.2.0.jar:/home/pelatro/.m2/repository/io/cucumber/query/12.2.0/query-12.2.0.jar:/home/pelatro/.m2/repository/io/cucumber/tag-expressions/6.1.0/tag-expressions-6.1.0.jar:/home/pelatro/.m2/repository/io/cucumber/cucumber-expressions/17.1.0/cucumber-expressions-17.1.0.jar:/home/pelatro/.m2/repository/io/cucumber/datatable/7.20.1/datatable-7.20.1.jar:/home/pelatro/.m2/repository/io/cucumber/cucumber-plugin/7.20.1/cucumber-plugin-7.20.1.jar:/home/pelatro/.m2/repository/io/cucumber/docstring/7.20.1/docstring-7.20.1.jar:/home/pelatro/.m2/repository/io/cucumber/html-formatter/21.7.0/html-formatter-21.7.0.jar:/home/pelatro/.m2/repository/io/cucumber/junit-xml-formatter/0.5.0/junit-xml-formatter-0.5.0.jar:/home/pelatro/.m2/repository/io/cucumber/ci-environment/10.0.1/ci-environment-10.0.1.jar:/home/pelatro/.m2/repository/org/apiguardian/apiguardian-api/1.1.2/apiguardian-api-1.1.2.jar:/home/pelatro/.m2/repository/io/cucumber/cucumber-testng/7.20.1/cucumber-testng-7.20.1.jar:"/>
    <property name="sun.cpu.endian" value="little"/>
    <property name="user.home" value="/home/pelatro"/>
    <property name="user.language" value="en"/>
    <property name="java.specification.vendor" value="Oracle Corporation"/>
    <property name="java.version.date" value="2024-10-15"/>
    <property name="java.home" value="/home/pelatro/Downloads/jdk-21.0.5"/>
    <property name="file.separator" value="/"/>
    <property name="basedir" value="/home/pelatro/aish/selenium/SeleniumIntroduction"/>
    <property name="java.vm.compressedOopsMode" value="Zero based"/>
    <property name="line.separator" value="&#10;"/>
    <property name="java.specification.name" value="Java Platform API Specification"/>
    <property name="java.vm.specification.vendor" value="Oracle Corporation"/>
    <property name="surefire.real.class.path" value="/home/pelatro/aish/selenium/SeleniumIntroduction/target/surefire/surefirebooter-20250109234544918_3.jar"/>
    <property name="sun.management.compiler" value="HotSpot 64-Bit Tiered Compilers"/>
    <property name="java.runtime.version" value="21.0.5+9-LTS-239"/>
    <property name="user.name" value="pelatro"/>
    <property name="stdout.encoding" value="UTF-8"/>
    <property name="path.separator" value=":"/>
    <property name="os.version" value="6.8.0-50-generic"/>
    <property name="java.runtime.name" value="Java(TM) SE Runtime Environment"/>
    <property name="file.encoding" value="UTF-8"/>
    <property name="browser" value="chrome"/>
    <property name="java.vm.name" value="Java HotSpot(TM) 64-Bit Server VM"/>
    <property name="localRepository" value="/home/pelatro/.m2/repository"/>
    <property name="java.vendor.url.bug" value="https://bugreport.java.com/bugreport/"/>
    <property name="java.io.tmpdir" value="/tmp"/>
    <property name="java.version" value="21.0.5"/>
    <property name="user.dir" value="/home/pelatro/aish/selenium/SeleniumIntroduction"/>
    <property name="os.arch" value="amd64"/>
    <property name="java.vm.specification.name" value="Java Virtual Machine Specification"/>
    <property name="native.encoding" value="UTF-8"/>
    <property name="java.library.path" value="/usr/local/lib:/usr/java/packages/lib:/usr/lib64:/lib64:/lib:/usr/lib"/>
    <property name="java.vm.info" value="mixed mode, sharing"/>
    <property name="stderr.encoding" value="UTF-8"/>
    <property name="java.vendor" value="Oracle Corporation"/>
    <property name="java.vm.version" value="21.0.5+9-LTS-239"/>
    <property name="sun.io.unicode.encoding" value="UnicodeLittle"/>
    <property name="java.class.version" value="65.0"/>
  </properties>
  <testcase name="runScenario[&quot;Postive Case for purchase order&quot;, &quot;Purchase an Item in Ecommerce website&quot;](1)" classname="cucumber.cucumberTestngRunner" time="39.381">
    <system-err><![CDATA[SLF4J: Failed to load class "org.slf4j.impl.StaticLoggerBinder".
SLF4J: Defaulting to no-operation (NOP) logger implementation
SLF4J: See http://www.slf4j.org/codes.html#StaticLoggerBinder for further details.
Jan 09, 2025 11:45:46 PM org.openqa.selenium.devtools.CdpVersionFinder findNearestMatch
WARNING: Unable to find an exact match for CDP version 131, returning the closest version; found: 130; Please update to a Selenium version that supports CDP version 131
]]></system-err>
  </testcase>
</testsuite>