<?xml version="1.0" encoding="UTF-8"?>
<!-- Generated by org.testng.reporters.JUnitReportReporter -->
<testsuite hostname="pelatro-Latitude-3440" failures="0" tests="1" name="ExtentReports.reports.StandaloneTest" time="2.023" errors="0" timestamp="4 Jan 2025 18:01:32 GMT">
  <testcase classname="ExtentReports.reports.StandaloneTest" name="sampleTest" time="2.023"/>
</testsuite> <!-- ExtentReports.reports.StandaloneTest -->
