<?xml version="1.0" encoding="UTF-8"?>
<!-- Generated by org.testng.reporters.JUnitReportReporter -->
<testsuite hostname="pelatro-Latitude-3440" failures="0" tests="3" name="Aishwarya.Tests.StandaloneTest2" time="36.195" errors="0" timestamp="2025-01-08T22:11:41 IST" skipped="0">
  <testcase classname="Aishwarya.Tests.StandaloneTest2" name="verifyItemsinMyOrdersPage" time="5.422"/>
  <testcase classname="Aishwarya.Tests.StandaloneTest2" name="submitOrder" time="15.467"/>
  <testcase classname="Aishwarya.Tests.StandaloneTest2" name="submitOrder" time="15.306"/>
</testsuite> <!-- Aishwarya.Tests.StandaloneTest2 -->
